This file contains any messages produced by compilers while
running configure, to aid debugging if configure makes a mistake.

It was created by configure, which was
generated by GNU Autoconf 2.69.  Invocation command line was

  $ ./configure --enable-panada

## --------- ##
## Platform. ##
## --------- ##

hostname = Kandars-MacBook-Pro.local
uname -m = x86_64
uname -r = 13.1.0
uname -s = Darwin
uname -v = Darwin Kernel Version 13.1.0: Thu Jan 16 19:40:37 PST 2014; root:xnu-2422.90.20~2/RELEASE_X86_64

/usr/bin/uname -p = i386
/bin/uname -X     = unknown

/bin/arch              = unknown
/usr/bin/arch -k       = unknown
/usr/convex/getsysinfo = unknown
/usr/bin/hostinfo      = Mach kernel version:
	 Darwin Kernel Version 13.1.0: Thu Jan 16 19:40:37 PST 2014; root:xnu-2422.90.20~2/RELEASE_X86_64
Kernel configured for up to 4 processors.
2 processors are physically available.
4 processors are logically available.
Processor type: i486 (Intel 80486)
Processors active: 0 1 2 3
Primary memory available: 4.00 gigabytes
Default processor set: 151 tasks, 672 threads, 4 processors
Load average: 1.86, Mach factor: 2.16
/bin/machine           = unknown
/usr/bin/oslevel       = unknown
/bin/universe          = unknown

PATH: /usr/bin
PATH: /bin
PATH: /usr/sbin
PATH: /sbin
PATH: /usr/local/bin


## ----------- ##
## Core tests. ##
## ----------- ##

configure:2340: checking for grep that handles long lines and -e
configure:2398: result: /usr/bin/grep
configure:2403: checking for egrep
configure:2465: result: /usr/bin/grep -E
configure:2470: checking for a sed that does not truncate output
configure:2524: result: /usr/bin/sed
configure:2714: checking for C compiler version
configure:2723: gcc --version >&5
Apple LLVM version 5.1 (clang-503.0.38) (based on LLVM 3.4svn)
Target: x86_64-apple-darwin13.1.0
Thread model: posix
Configured with: --prefix=/Library/Developer/CommandLineTools/usr --with-gxx-include-dir=/usr/include/c++/4.2.1
configure:2734: $? = 0
configure:2723: gcc -v >&5
Configured with: --prefix=/Library/Developer/CommandLineTools/usr --with-gxx-include-dir=/usr/include/c++/4.2.1
Apple LLVM version 5.1 (clang-503.0.38) (based on LLVM 3.4svn)
Target: x86_64-apple-darwin13.1.0
Thread model: posix
configure:2734: $? = 0
configure:2723: gcc -V >&5
clang: error: argument to '-V' is missing (expected 1 value)
clang: error: no input files
configure:2734: $? = 1
configure:2723: gcc -qversion >&5
clang: error: unknown argument: '-qversion' [-Wunused-command-line-argument-hard-error-in-future]
clang: note: this will be a hard error (cannot be downgraded to a warning) in the future
clang: error: no input files
configure:2734: $? = 1
configure:2754: checking whether the C compiler works
configure:2776: gcc -O2 -fvisibility=hidden -Wparentheses   conftest.c  >&5
configure:2780: $? = 0
configure:2828: result: yes
configure:2831: checking for C compiler default output file name
configure:2833: result: a.out
configure:2839: checking for suffix of executables
configure:2846: gcc -o conftest -O2 -fvisibility=hidden -Wparentheses   conftest.c  >&5
configure:2850: $? = 0
configure:2872: result: 
configure:2894: checking whether we are cross compiling
configure:2902: gcc -o conftest -O2 -fvisibility=hidden -Wparentheses   conftest.c  >&5
configure:2906: $? = 0
configure:2913: ./conftest
configure:2917: $? = 0
configure:2932: result: no
configure:2937: checking for suffix of object files
configure:2959: gcc -c -O2 -fvisibility=hidden -Wparentheses  conftest.c >&5
configure:2963: $? = 0
configure:2984: result: o
configure:2988: checking whether we are using the GNU C compiler
configure:3007: gcc -c -O2 -fvisibility=hidden -Wparentheses  conftest.c >&5
configure:3007: $? = 0
configure:3016: result: yes
configure:3025: checking whether gcc accepts -g
configure:3045: gcc -c -g  conftest.c >&5
configure:3045: $? = 0
configure:3086: result: yes
configure:3103: checking for gcc option to accept ISO C89
configure:3166: gcc  -c -O2 -fvisibility=hidden -Wparentheses  conftest.c >&5
configure:3166: $? = 0
configure:3179: result: none needed
configure:3205: checking how to run the C preprocessor
configure:3236: gcc -E  conftest.c
configure:3236: $? = 0
configure:3250: gcc -E  conftest.c
conftest.c:9:10: fatal error: 'ac_nonexistent.h' file not found
#include <ac_nonexistent.h>
         ^
1 error generated.
configure:3250: $? = 1
configure: failed program was:
| /* confdefs.h */
| #define PACKAGE_NAME ""
| #define PACKAGE_TARNAME ""
| #define PACKAGE_VERSION ""
| #define PACKAGE_STRING ""
| #define PACKAGE_BUGREPORT ""
| #define PACKAGE_URL ""
| /* end confdefs.h.  */
| #include <ac_nonexistent.h>
configure:3275: result: gcc -E
configure:3295: gcc -E  conftest.c
configure:3295: $? = 0
configure:3309: gcc -E  conftest.c
conftest.c:9:10: fatal error: 'ac_nonexistent.h' file not found
#include <ac_nonexistent.h>
         ^
1 error generated.
configure:3309: $? = 1
configure: failed program was:
| /* confdefs.h */
| #define PACKAGE_NAME ""
| #define PACKAGE_TARNAME ""
| #define PACKAGE_VERSION ""
| #define PACKAGE_STRING ""
| #define PACKAGE_BUGREPORT ""
| #define PACKAGE_URL ""
| /* end confdefs.h.  */
| #include <ac_nonexistent.h>
configure:3340: checking for icc
configure:3349: result: no
configure:3363: checking for suncc
configure:3372: result: no
configure:3387: checking whether gcc and cc understand -c and -o together
configure:3418: gcc -c conftest.c -o conftest2.o >&5
configure:3422: $? = 0
configure:3428: gcc -c conftest.c -o conftest2.o >&5
configure:3432: $? = 0
configure:3443: cc -c conftest.c >&5
configure:3447: $? = 0
configure:3455: cc -c conftest.c -o conftest2.o >&5
configure:3459: $? = 0
configure:3465: cc -c conftest.c -o conftest2.o >&5
configure:3469: $? = 0
configure:3487: result: yes
configure:3501: checking for system library directory
configure:3516: result: lib
configure:3523: checking if compiler supports -R
configure:3542: gcc -o conftest -O2 -fvisibility=hidden -Wparentheses   conftest.c -R /usr/lib  >&5
clang: warning: argument unused during compilation: '-R'
ld: can't map file, errno=22 file '/usr/lib' for architecture x86_64
clang: error: linker command failed with exit code 1 (use -v to see invocation)
configure:3542: $? = 1
configure: failed program was:
| /* confdefs.h */
| #define PACKAGE_NAME ""
| #define PACKAGE_TARNAME ""
| #define PACKAGE_VERSION ""
| #define PACKAGE_STRING ""
| #define PACKAGE_BUGREPORT ""
| #define PACKAGE_URL ""
| /* end confdefs.h.  */
| 
| int
| main ()
| {
| 
|   ;
|   return 0;
| }
configure:3552: result: no
configure:3557: checking if compiler supports -Wl,-rpath,
configure:3576: gcc -o conftest -O2 -fvisibility=hidden -Wparentheses   conftest.c -Wl,-rpath,/usr/lib  >&5
configure:3576: $? = 0
configure:3586: result: yes
configure:3631: checking build system type
configure:3645: result: x86_64-apple-darwin13.1.0
configure:3665: checking host system type
configure:3678: result: x86_64-apple-darwin13.1.0
configure:3698: checking target system type
configure:3711: result: x86_64-apple-darwin13.1.0
configure:3814: checking for PHP prefix
configure:3816: result: /usr/local/Cellar/php55/5.5.9
configure:3818: checking for PHP includes
configure:3820: result: -I/usr/local/Cellar/php55/5.5.9/include/php -I/usr/local/Cellar/php55/5.5.9/include/php/main -I/usr/local/Cellar/php55/5.5.9/include/php/TSRM -I/usr/local/Cellar/php55/5.5.9/include/php/Zend -I/usr/local/Cellar/php55/5.5.9/include/php/ext -I/usr/local/Cellar/php55/5.5.9/include/php/ext/date/lib
configure:3822: checking for PHP extension directory
configure:3824: result: /usr/local/Cellar/php55/5.5.9/lib/php/extensions/no-debug-non-zts-20121212
configure:3826: checking for PHP installed headers prefix
configure:3828: result: /usr/local/Cellar/php55/5.5.9/include/php
configure:3831: checking if debug is enabled
configure:3857: result: no
configure:3860: checking if zts is enabled
configure:3886: result: no
configure:3957: checking for re2c
configure:3973: found /usr/local/bin/re2c
configure:3984: result: re2c
configure:3993: checking for re2c version
configure:4007: result: 0.13.6 (ok)
configure:4026: checking for gawk
configure:4057: result: no
configure:4026: checking for nawk
configure:4057: result: no
configure:4026: checking for awk
configure:4043: found /usr/bin/awk
configure:4054: result: awk
configure:4077: checking if awk is broken
configure:4084: result: no
configure:4097: checking whether to enable panada
configure:4136: result: yes, shared
configure:4444: checking whether HAVE_BUNDLED_PCRE is declared
configure:4444: gcc -c -O2 -fvisibility=hidden -Wparentheses  -I/usr/local/Cellar/php55/5.5.9/include/php -I/usr/local/Cellar/php55/5.5.9/include/php/main -I/usr/local/Cellar/php55/5.5.9/include/php/TSRM -I/usr/local/Cellar/php55/5.5.9/include/php/Zend -I/usr/local/Cellar/php55/5.5.9/include/php/ext -I/usr/local/Cellar/php55/5.5.9/include/php/ext/date/lib conftest.c >&5
configure:4444: $? = 0
configure:4444: result: yes
configure:4451: checking for ext/pcre/php_pcre.h
configure:4451: gcc -c -O2 -fvisibility=hidden -Wparentheses  -I/usr/local/Cellar/php55/5.5.9/include/php -I/usr/local/Cellar/php55/5.5.9/include/php/main -I/usr/local/Cellar/php55/5.5.9/include/php/TSRM -I/usr/local/Cellar/php55/5.5.9/include/php/Zend -I/usr/local/Cellar/php55/5.5.9/include/php/ext -I/usr/local/Cellar/php55/5.5.9/include/php/ext/date/lib conftest.c >&5
configure:4451: $? = 0
configure:4451: result: yes
configure:4490: checking whether HAVE_JSON is declared
configure:4490: gcc -c -O2 -fvisibility=hidden -Wparentheses  -I/usr/local/Cellar/php55/5.5.9/include/php -I/usr/local/Cellar/php55/5.5.9/include/php/main -I/usr/local/Cellar/php55/5.5.9/include/php/TSRM -I/usr/local/Cellar/php55/5.5.9/include/php/Zend -I/usr/local/Cellar/php55/5.5.9/include/php/ext -I/usr/local/Cellar/php55/5.5.9/include/php/ext/date/lib conftest.c >&5
configure:4490: $? = 0
configure:4490: result: yes
configure:4497: checking for ext/json/php_json.h
configure:4497: gcc -c -O2 -fvisibility=hidden -Wparentheses  -I/usr/local/Cellar/php55/5.5.9/include/php -I/usr/local/Cellar/php55/5.5.9/include/php/main -I/usr/local/Cellar/php55/5.5.9/include/php/TSRM -I/usr/local/Cellar/php55/5.5.9/include/php/Zend -I/usr/local/Cellar/php55/5.5.9/include/php/ext -I/usr/local/Cellar/php55/5.5.9/include/php/ext/date/lib conftest.c >&5
configure:4497: $? = 0
configure:4497: result: yes
configure:4632: checking for ld used by gcc
configure:4699: result: /Library/Developer/CommandLineTools/usr/bin/ld
configure:4706: checking if the linker (/Library/Developer/CommandLineTools/usr/bin/ld) is GNU ld
configure:4721: result: no
configure:4726: checking for /Library/Developer/CommandLineTools/usr/bin/ld option to reload object files
configure:4733: result: -r
configure:4751: checking for BSD-compatible nm
configure:4800: result: /usr/bin/nm
configure:4804: checking whether ln -s works
configure:4808: result: yes
configure:4815: checking how to recognize dependent libraries
configure:5001: result: pass_all
configure:5213: checking for ANSI C header files
configure:5233: gcc -c -O2 -fvisibility=hidden -Wparentheses  conftest.c >&5
configure:5233: $? = 0
configure:5306: gcc -o conftest -O2 -fvisibility=hidden -Wparentheses   conftest.c  >&5
configure:5306: $? = 0
configure:5306: ./conftest
configure:5306: $? = 0
configure:5317: result: yes
configure:5330: checking for sys/types.h
configure:5330: gcc -c -O2 -fvisibility=hidden -Wparentheses  conftest.c >&5
configure:5330: $? = 0
configure:5330: result: yes
configure:5330: checking for sys/stat.h
configure:5330: gcc -c -O2 -fvisibility=hidden -Wparentheses  conftest.c >&5
configure:5330: $? = 0
configure:5330: result: yes
configure:5330: checking for stdlib.h
configure:5330: gcc -c -O2 -fvisibility=hidden -Wparentheses  conftest.c >&5
configure:5330: $? = 0
configure:5330: result: yes
configure:5330: checking for string.h
configure:5330: gcc -c -O2 -fvisibility=hidden -Wparentheses  conftest.c >&5
configure:5330: $? = 0
configure:5330: result: yes
configure:5330: checking for memory.h
configure:5330: gcc -c -O2 -fvisibility=hidden -Wparentheses  conftest.c >&5
configure:5330: $? = 0
configure:5330: result: yes
configure:5330: checking for strings.h
configure:5330: gcc -c -O2 -fvisibility=hidden -Wparentheses  conftest.c >&5
configure:5330: $? = 0
configure:5330: result: yes
configure:5330: checking for inttypes.h
configure:5330: gcc -c -O2 -fvisibility=hidden -Wparentheses  conftest.c >&5
configure:5330: $? = 0
configure:5330: result: yes
configure:5330: checking for stdint.h
configure:5330: gcc -c -O2 -fvisibility=hidden -Wparentheses  conftest.c >&5
configure:5330: $? = 0
configure:5330: result: yes
configure:5330: checking for unistd.h
configure:5330: gcc -c -O2 -fvisibility=hidden -Wparentheses  conftest.c >&5
configure:5330: $? = 0
configure:5330: result: yes
configure:5344: checking dlfcn.h usability
configure:5344: gcc -c -O2 -fvisibility=hidden -Wparentheses  conftest.c >&5
configure:5344: $? = 0
configure:5344: result: yes
configure:5344: checking dlfcn.h presence
configure:5344: gcc -E  conftest.c
configure:5344: $? = 0
configure:5344: result: yes
configure:5344: checking for dlfcn.h
configure:5344: result: yes
configure:5366: checking the maximum length of command line arguments
configure:5478: result: 196608
configure:5490: checking command to parse /usr/bin/nm output from gcc object
configure:5595: gcc -c -O2 -fvisibility=hidden -Wparentheses  conftest.c >&5
configure:5598: $? = 0
configure:5602: /usr/bin/nm conftest.o \| sed -n -e 's/^.*[ 	]\([BCDEGRST][BCDEGRST]*\)[ 	][ 	]*\([_A-Za-z][_A-Za-z0-9]*\)$/\1 \2 \2/p' \> conftest.nm
configure:5605: $? = 0
cannot find nm_test_var in conftest.nm
configure:5595: gcc -c -O2 -fvisibility=hidden -Wparentheses  conftest.c >&5
configure:5598: $? = 0
configure:5602: /usr/bin/nm conftest.o \| sed -n -e 's/^.*[ 	]\([BCDEGRST][BCDEGRST]*\)[ 	][ 	]*_\([_A-Za-z][_A-Za-z0-9]*\)$/\1 _\2 \2/p' \> conftest.nm
configure:5605: $? = 0
configure:5657: gcc -o conftest -O2 -fvisibility=hidden -Wparentheses   conftest.c conftstm.o >&5
configure:5660: $? = 0
configure:5698: result: ok
configure:5702: checking for objdir
configure:5717: result: .libs
configure:5809: checking for ar
configure:5825: found /usr/bin/ar
configure:5836: result: ar
configure:5901: checking for ranlib
configure:5917: found /usr/bin/ranlib
configure:5928: result: ranlib
configure:5993: checking for strip
configure:6009: found /usr/bin/strip
configure:6020: result: strip
configure:6273: checking for dsymutil
configure:6289: found /usr/bin/dsymutil
configure:6300: result: dsymutil
configure:6365: checking for nmedit
configure:6381: found /usr/bin/nmedit
configure:6392: result: nmedit
configure:6415: checking for -single_module linker flag
configure:6436: result: yes
configure:6438: checking for -exported_symbols_list linker flag
configure:6454: gcc -o conftest -O2 -fvisibility=hidden -Wparentheses   -Wl,-exported_symbols_list,conftest.sym conftest.c  >&5
ld: warning: cannot export hidden symbol _main from /var/folders/yf/cx503nj17pb1pml9qb8482rh0000gp/T/conftest-8f1360.o
configure:6457: $? = 0
configure:6471: result: yes
configure:6589: checking if gcc supports -fno-rtti -fno-exceptions
configure:6607: gcc -c -O2 -fvisibility=hidden -Wparentheses  -fno-rtti -fno-exceptions conftest.c >&5
configure:6611: $? = 0
configure:6624: result: yes
configure:6639: checking for gcc option to produce PIC
configure:6879: result: -fno-common
configure:6887: checking if gcc PIC flag -fno-common works
configure:6905: gcc -c -O2 -fvisibility=hidden -Wparentheses  -fno-common -DPIC conftest.c >&5
configure:6909: $? = 0
configure:6922: result: yes
configure:6950: checking if gcc static flag -static works
configure:6978: result: no
configure:6988: checking if gcc supports -c -o file.o
configure:7009: gcc -c -O2 -fvisibility=hidden -Wparentheses  -o out/conftest2.o conftest.c >&5
configure:7013: $? = 0
configure:7035: result: yes
configure:7061: checking whether the gcc linker (/Library/Developer/CommandLineTools/usr/bin/ld) supports shared libraries
configure:7993: result: yes
configure:8060: checking dynamic linker characteristics
configure:8662: result: darwin13.1.0 dyld
configure:8686: checking how to hardcode library paths into programs
configure:8711: result: immediate
configure:8725: checking whether stripping libraries is possible
configure:8739: result: yes
configure:9247: checking if libtool supports shared libraries
configure:9249: result: yes
configure:9252: checking whether to build shared libraries
configure:9273: result: yes
configure:9276: checking whether to build static libraries
configure:9280: result: no
configure:9375: result:
creating libtool
configure:13078: creating ./config.status

## ---------------------- ##
## Running config.status. ##
## ---------------------- ##

This file was extended by config.status, which was
generated by GNU Autoconf 2.69.  Invocation command line was

  CONFIG_FILES    = 
  CONFIG_HEADERS  = 
  CONFIG_LINKS    = 
  CONFIG_COMMANDS = 
  $ ./config.status 

on Kandars-MacBook-Pro.local

config.status:681: creating config.h

## ---------------- ##
## Cache variables. ##
## ---------------- ##

ac_cv_build=x86_64-apple-darwin13.1.0
ac_cv_c_compiler_gnu=yes
ac_cv_env_CC_set=set
ac_cv_env_CC_value=gcc
ac_cv_env_CFLAGS_set=set
ac_cv_env_CFLAGS_value='-O2 -fvisibility=hidden -Wparentheses'
ac_cv_env_CPPFLAGS_set=
ac_cv_env_CPPFLAGS_value=
ac_cv_env_CPP_set=
ac_cv_env_CPP_value=
ac_cv_env_LDFLAGS_set=
ac_cv_env_LDFLAGS_value=
ac_cv_env_LIBS_set=
ac_cv_env_LIBS_value=
ac_cv_env_build_alias_set=
ac_cv_env_build_alias_value=
ac_cv_env_host_alias_set=
ac_cv_env_host_alias_value=
ac_cv_env_target_alias_set=
ac_cv_env_target_alias_value=
ac_cv_have_decl_HAVE_BUNDLED_PCRE=yes
ac_cv_have_decl_HAVE_JSON=yes
ac_cv_header_dlfcn_h=yes
ac_cv_header_ext_json_php_json_h=yes
ac_cv_header_ext_pcre_php_pcre_h=yes
ac_cv_header_inttypes_h=yes
ac_cv_header_memory_h=yes
ac_cv_header_stdc=yes
ac_cv_header_stdint_h=yes
ac_cv_header_stdlib_h=yes
ac_cv_header_string_h=yes
ac_cv_header_strings_h=yes
ac_cv_header_sys_stat_h=yes
ac_cv_header_sys_types_h=yes
ac_cv_header_unistd_h=yes
ac_cv_host=x86_64-apple-darwin13.1.0
ac_cv_objext=o
ac_cv_path_EGREP='/usr/bin/grep -E'
ac_cv_path_GREP=/usr/bin/grep
ac_cv_prog_AWK=awk
ac_cv_prog_CPP='gcc -E'
ac_cv_prog_RE2C=re2c
ac_cv_prog_ac_ct_AR=ar
ac_cv_prog_ac_ct_DSYMUTIL=dsymutil
ac_cv_prog_ac_ct_NMEDIT=nmedit
ac_cv_prog_ac_ct_RANLIB=ranlib
ac_cv_prog_ac_ct_STRIP=strip
ac_cv_prog_cc_c89=
ac_cv_prog_cc_g=yes
ac_cv_prog_cc_gcc_c_o=yes
ac_cv_target=x86_64-apple-darwin13.1.0
lt_cv_apple_cc_single_mod=yes
lt_cv_deplibs_check_method=pass_all
lt_cv_file_magic_cmd='$MAGIC_CMD'
lt_cv_file_magic_test_file=
lt_cv_ld_exported_symbols_list=yes
lt_cv_ld_reload_flag=-r
lt_cv_objdir=.libs
lt_cv_path_LD=/Library/Developer/CommandLineTools/usr/bin/ld
lt_cv_path_NM=/usr/bin/nm
lt_cv_path_SED=/usr/bin/sed
lt_cv_prog_compiler_c_o=yes
lt_cv_prog_compiler_pic_works=yes
lt_cv_prog_compiler_rtti_exceptions=yes
lt_cv_prog_compiler_static_works=no
lt_cv_prog_gnu_ld=no
lt_cv_sys_global_symbol_pipe='sed -n -e '\''s/^.*[ 	]\([BCDEGRST][BCDEGRST]*\)[ 	][ 	]*_\([_A-Za-z][_A-Za-z0-9]*\)$/\1 _\2 \2/p'\'''
lt_cv_sys_global_symbol_to_c_name_address='sed -n -e '\''s/^: \([^ ]*\) $/  {\"\1\", (lt_ptr) 0},/p'\'' -e '\''s/^[BCDEGRST] \([^ ]*\) \([^ ]*\)$/  {"\2", (lt_ptr) \&\2},/p'\'''
lt_cv_sys_global_symbol_to_cdecl='sed -n -e '\''s/^. .* \(.*\)$/extern int \1;/p'\'''
lt_cv_sys_lib_dlsearch_path_spec='/usr/local/lib /lib /usr/lib'
lt_cv_sys_lib_search_path_spec='/Library/Developer/CommandLineTools/usr/lib/clang/5.1 /usr/local/lib'
lt_cv_sys_max_cmd_len=196608
lt_lt_cv_prog_compiler_c_o='"yes"'
lt_lt_cv_sys_global_symbol_pipe='"sed -n -e '\''s/^.*[ 	]\\([BCDEGRST][BCDEGRST]*\\)[ 	][ 	]*_\\([_A-Za-z][_A-Za-z0-9]*\\)\$/\\1 _\\2 \\2/p'\''"'
lt_lt_cv_sys_global_symbol_to_c_name_address='"sed -n -e '\''s/^: \\([^ ]*\\) \$/  {\\\"\\1\\\", (lt_ptr) 0},/p'\'' -e '\''s/^[BCDEGRST] \\([^ ]*\\) \\([^ ]*\\)\$/  {\"\\2\", (lt_ptr) \\&\\2},/p'\''"'
lt_lt_cv_sys_global_symbol_to_cdecl='"sed -n -e '\''s/^. .* \\(.*\\)\$/extern int \\1;/p'\''"'
php_cv_cc_dashr=no
php_cv_cc_rpath=yes
php_cv_re2c_version='0.13.6 (ok)'

## ----------------- ##
## Output variables. ##
## ----------------- ##

AR='ar'
AWK='awk'
CC='gcc'
CFLAGS='-O2 -fvisibility=hidden -Wparentheses'
CONFIGURE_COMMAND=' '\''./configure'\''  '\''--enable-panada'\'''
CONFIGURE_OPTIONS=' '\''--enable-panada'\'''
CPP='gcc -E'
CPPFLAGS=' -DHAVE_CONFIG_H'
DEFS='-DHAVE_CONFIG_H'
DSYMUTIL='dsymutil'
ECHO='/bin/echo'
ECHO_C='\c'
ECHO_N=''
ECHO_T=''
EGREP='/usr/bin/grep -E'
EXEEXT=''
GREP='/usr/bin/grep'
LDFLAGS=''
LIBOBJS=''
LIBS=''
LIBTOOL='$(SHELL) $(top_builddir)/libtool'
LN_S='ln -s'
LTLIBOBJS=''
NMEDIT='nmedit'
OBJEXT='o'
PACKAGE_BUGREPORT=''
PACKAGE_NAME=''
PACKAGE_STRING=''
PACKAGE_TARNAME=''
PACKAGE_URL=''
PACKAGE_VERSION=''
PATH_SEPARATOR=':'
RANLIB='ranlib'
RE2C='re2c'
SED='/usr/bin/sed'
SHELL='/bin/sh'
SHLIB_DL_SUFFIX_NAME='so'
SHLIB_SUFFIX_NAME='dylib'
STRIP='strip'
ac_ct_CC=''
bindir='${exec_prefix}/bin'
build='x86_64-apple-darwin13.1.0'
build_alias=''
build_cpu='x86_64'
build_os='darwin13.1.0'
build_vendor='apple'
datadir='${datarootdir}'
datarootdir='${prefix}/share'
docdir='${datarootdir}/doc/${PACKAGE}'
dvidir='${docdir}'
exec_prefix='$(prefix)'
host='x86_64-apple-darwin13.1.0'
host_alias='x86_64-apple-darwin13.1.0'
host_cpu='x86_64'
host_os='darwin13.1.0'
host_vendor='apple'
htmldir='${docdir}'
includedir='${prefix}/include'
infodir='${datarootdir}/info'
libdir='${exec_prefix}/lib'
libexecdir='${exec_prefix}/libexec'
localedir='${datarootdir}/locale'
localstatedir='${prefix}/var'
mandir='${datarootdir}/man'
oldincludedir='/usr/include'
pdfdir='${docdir}'
prefix='/usr/local/Cellar/php55/5.5.9'
program_transform_name='s,x,x,'
psdir='${docdir}'
sbindir='${exec_prefix}/sbin'
sharedstatedir='${prefix}/com'
sysconfdir='${prefix}/etc'
target='x86_64-apple-darwin13.1.0'
target_alias=''
target_cpu='x86_64'
target_os='darwin13.1.0'
target_vendor='apple'

## ----------- ##
## confdefs.h. ##
## ----------- ##

/* confdefs.h */
#define PACKAGE_NAME ""
#define PACKAGE_TARNAME ""
#define PACKAGE_VERSION ""
#define PACKAGE_STRING ""
#define PACKAGE_BUGREPORT ""
#define PACKAGE_URL ""
#define HAVE_PANADA 1
#define COMPILE_DL_PANADA 1
#define HAVE_EXT_PCRE_PHP_PCRE_H 1
#define ZEPHIR_USE_PHP_PCRE 1
#define HAVE_EXT_JSON_PHP_JSON_H 1
#define ZEPHIR_USE_PHP_JSON 1
#define STDC_HEADERS 1
#define HAVE_SYS_TYPES_H 1
#define HAVE_SYS_STAT_H 1
#define HAVE_STDLIB_H 1
#define HAVE_STRING_H 1
#define HAVE_MEMORY_H 1
#define HAVE_STRINGS_H 1
#define HAVE_INTTYPES_H 1
#define HAVE_STDINT_H 1
#define HAVE_UNISTD_H 1
#define HAVE_DLFCN_H 1

configure: exit 0
